INFO [2020-11-01 22:58:01] Initialising estimates for: Northern Ireland
INFO [2020-11-01 22:58:01] Initialising estimates for: Wales
WARN [2020-11-01 23:52:56] Wales: There were 2 divergent transitions after warmup. See
http://mc-stan.org/misc/warnings.html#divergent-transitions-after-warmup
to find out why this is a problem and how to eliminate them. - 
WARN [2020-11-01 23:52:56] Wales: Examine the pairs() plot to diagnose sampling problems
 - 
WARN [2020-11-01 23:52:56] Wales: The largest R-hat is 1.25, indicating chains have not mixed.
Running the chains for more iterations may help. See
http://mc-stan.org/misc/warnings.html#r-hat - 
WARN [2020-11-01 23:52:56] Wales: Bulk Effective Samples Size (ESS) is too low, indicating posterior means and medians may be unreliable.
Running the chains for more iterations may help. See
http://mc-stan.org/misc/warnings.html#bulk-ess - 
WARN [2020-11-01 23:52:56] Wales: Tail Effective Samples Size (ESS) is too low, indicating posterior variances and tail quantiles may be unreliable.
Running the chains for more iterations may help. See
http://mc-stan.org/misc/warnings.html#tail-ess - 
WARN [2020-11-01 23:52:56] Wales: There were 5 divergent transitions after warmup. See
http://mc-stan.org/misc/warnings.html#divergent-transitions-after-warmup
to find out why this is a problem and how to eliminate them. - 
WARN [2020-11-01 23:52:56] Wales: Examine the pairs() plot to diagnose sampling problems
 - 
WARN [2020-11-01 23:52:56] Wales: The largest R-hat is 1.18, indicating chains have not mixed.
Running the chains for more iterations may help. See
http://mc-stan.org/misc/warnings.html#r-hat - 
WARN [2020-11-01 23:52:56] Wales: Bulk Effective Samples Size (ESS) is too low, indicating posterior means and medians may be unreliable.
Running the chains for more iterations may help. See
http://mc-stan.org/misc/warnings.html#bulk-ess - 
WARN [2020-11-01 23:52:56] Wales: Tail Effective Samples Size (ESS) is too low, indicating posterior variances and tail quantiles may be unreliable.
Running the chains for more iterations may help. See
http://mc-stan.org/misc/warnings.html#tail-ess - 
WARN [2020-11-01 23:52:56] Wales: There were 3 divergent transitions after warmup. See
http://mc-stan.org/misc/warnings.html#divergent-transitions-after-warmup
to find out why this is a problem and how to eliminate them. - 
WARN [2020-11-01 23:52:56] Wales: Examine the pairs() plot to diagnose sampling problems
 - 
WARN [2020-11-01 23:52:56] Wales: The largest R-hat is 1.18, indicating chains have not mixed.
Running the chains for more iterations may help. See
http://mc-stan.org/misc/warnings.html#r-hat - 
WARN [2020-11-01 23:52:56] Wales: Bulk Effective Samples Size (ESS) is too low, indicating posterior means and medians may be unreliable.
Running the chains for more iterations may help. See
http://mc-stan.org/misc/warnings.html#bulk-ess - 
WARN [2020-11-01 23:52:56] Wales: Tail Effective Samples Size (ESS) is too low, indicating posterior variances and tail quantiles may be unreliable.
Running the chains for more iterations may help. See
http://mc-stan.org/misc/warnings.html#tail-ess - 
WARN [2020-11-01 23:52:56] Wales: There were 1 divergent transitions after warmup. See
http://mc-stan.org/misc/warnings.html#divergent-transitions-after-warmup
to find out why this is a problem and how to eliminate them. - 
WARN [2020-11-01 23:52:56] Wales: Examine the pairs() plot to diagnose sampling problems
 - 
WARN [2020-11-01 23:52:56] Wales: The largest R-hat is 1.32, indicating chains have not mixed.
Running the chains for more iterations may help. See
http://mc-stan.org/misc/warnings.html#r-hat - 
WARN [2020-11-01 23:52:56] Wales: Bulk Effective Samples Size (ESS) is too low, indicating posterior means and medians may be unreliable.
Running the chains for more iterations may help. See
http://mc-stan.org/misc/warnings.html#bulk-ess - 
WARN [2020-11-01 23:52:56] Wales: Tail Effective Samples Size (ESS) is too low, indicating posterior variances and tail quantiles may be unreliable.
Running the chains for more iterations may help. See
http://mc-stan.org/misc/warnings.html#tail-ess - 
WARN [2020-11-01 23:52:56] Wales: There were 3 divergent transitions after warmup. See
http://mc-stan.org/misc/warnings.html#divergent-transitions-after-warmup
to find out why this is a problem and how to eliminate them. - 
WARN [2020-11-01 23:52:56] Wales: Examine the pairs() plot to diagnose sampling problems
 - 
WARN [2020-11-01 23:52:56] Wales: The largest R-hat is 1.17, indicating chains have not mixed.
Running the chains for more iterations may help. See
http://mc-stan.org/misc/warnings.html#r-hat - 
WARN [2020-11-01 23:52:56] Wales: Bulk Effective Samples Size (ESS) is too low, indicating posterior means and medians may be unreliable.
Running the chains for more iterations may help. See
http://mc-stan.org/misc/warnings.html#bulk-ess - 
WARN [2020-11-01 23:52:56] Wales: Tail Effective Samples Size (ESS) is too low, indicating posterior variances and tail quantiles may be unreliable.
Running the chains for more iterations may help. See
http://mc-stan.org/misc/warnings.html#tail-ess - 
WARN [2020-11-01 23:52:56] Wales: There were 2 divergent transitions after warmup. See
http://mc-stan.org/misc/warnings.html#divergent-transitions-after-warmup
to find out why this is a problem and how to eliminate them. - 
WARN [2020-11-01 23:52:56] Wales: Examine the pairs() plot to diagnose sampling problems
 - 
WARN [2020-11-01 23:52:56] Wales: The largest R-hat is 1.21, indicating chains have not mixed.
Running the chains for more iterations may help. See
http://mc-stan.org/misc/warnings.html#r-hat - 
WARN [2020-11-01 23:52:56] Wales: Bulk Effective Samples Size (ESS) is too low, indicating posterior means and medians may be unreliable.
Running the chains for more iterations may help. See
http://mc-stan.org/misc/warnings.html#bulk-ess - 
WARN [2020-11-01 23:52:56] Wales: Tail Effective Samples Size (ESS) is too low, indicating posterior variances and tail quantiles may be unreliable.
Running the chains for more iterations may help. See
http://mc-stan.org/misc/warnings.html#tail-ess - 
WARN [2020-11-01 23:52:56] Wales: There were 3 divergent transitions after warmup. See
http://mc-stan.org/misc/warnings.html#divergent-transitions-after-warmup
to find out why this is a problem and how to eliminate them. - 
WARN [2020-11-01 23:52:56] Wales: Examine the pairs() plot to diagnose sampling problems
 - 
WARN [2020-11-01 23:52:56] Wales: The largest R-hat is 1.19, indicating chains have not mixed.
Running the chains for more iterations may help. See
http://mc-stan.org/misc/warnings.html#r-hat - 
WARN [2020-11-01 23:52:56] Wales: Bulk Effective Samples Size (ESS) is too low, indicating posterior means and medians may be unreliable.
Running the chains for more iterations may help. See
http://mc-stan.org/misc/warnings.html#bulk-ess - 
WARN [2020-11-01 23:52:56] Wales: Tail Effective Samples Size (ESS) is too low, indicating posterior variances and tail quantiles may be unreliable.
Running the chains for more iterations may help. See
http://mc-stan.org/misc/warnings.html#tail-ess - 
WARN [2020-11-01 23:52:56] Wales: There were 2 divergent transitions after warmup. See
http://mc-stan.org/misc/warnings.html#divergent-transitions-after-warmup
to find out why this is a problem and how to eliminate them. - 
WARN [2020-11-01 23:52:56] Wales: Examine the pairs() plot to diagnose sampling problems
 - 
WARN [2020-11-01 23:52:56] Wales: The largest R-hat is 1.41, indicating chains have not mixed.
Running the chains for more iterations may help. See
http://mc-stan.org/misc/warnings.html#r-hat - 
WARN [2020-11-01 23:52:56] Wales: Bulk Effective Samples Size (ESS) is too low, indicating posterior means and medians may be unreliable.
Running the chains for more iterations may help. See
http://mc-stan.org/misc/warnings.html#bulk-ess - 
WARN [2020-11-01 23:52:56] Wales: Tail Effective Samples Size (ESS) is too low, indicating posterior variances and tail quantiles may be unreliable.
Running the chains for more iterations may help. See
http://mc-stan.org/misc/warnings.html#tail-ess - 
WARN [2020-11-01 23:52:56] Wales: There were 4 divergent transitions after warmup. See
http://mc-stan.org/misc/warnings.html#divergent-transitions-after-warmup
to find out why this is a problem and how to eliminate them. - 
WARN [2020-11-01 23:52:56] Wales: Examine the pairs() plot to diagnose sampling problems
 - 
WARN [2020-11-01 23:52:56] Wales: The largest R-hat is 1.32, indicating chains have not mixed.
Running the chains for more iterations may help. See
http://mc-stan.org/misc/warnings.html#r-hat - 
WARN [2020-11-01 23:52:56] Wales: Bulk Effective Samples Size (ESS) is too low, indicating posterior means and medians may be unreliable.
Running the chains for more iterations may help. See
http://mc-stan.org/misc/warnings.html#bulk-ess - 
WARN [2020-11-01 23:52:56] Wales: Tail Effective Samples Size (ESS) is too low, indicating posterior variances and tail quantiles may be unreliable.
Running the chains for more iterations may help. See
http://mc-stan.org/misc/warnings.html#tail-ess - 
WARN [2020-11-01 23:52:56] Wales: There were 1 divergent transitions after warmup. See
http://mc-stan.org/misc/warnings.html#divergent-transitions-after-warmup
to find out why this is a problem and how to eliminate them. - 
WARN [2020-11-01 23:52:56] Wales: Examine the pairs() plot to diagnose sampling problems
 - 
WARN [2020-11-01 23:52:56] Wales: The largest R-hat is 1.19, indicating chains have not mixed.
Running the chains for more iterations may help. See
http://mc-stan.org/misc/warnings.html#r-hat - 
WARN [2020-11-01 23:52:56] Wales: Bulk Effective Samples Size (ESS) is too low, indicating posterior means and medians may be unreliable.
Running the chains for more iterations may help. See
http://mc-stan.org/misc/warnings.html#bulk-ess - 
WARN [2020-11-01 23:52:56] Wales: Tail Effective Samples Size (ESS) is too low, indicating posterior variances and tail quantiles may be unreliable.
Running the chains for more iterations may help. See
http://mc-stan.org/misc/warnings.html#tail-ess - 
WARN [2020-11-01 23:52:56] Wales: There were 1 divergent transitions after warmup. See
http://mc-stan.org/misc/warnings.html#divergent-transitions-after-warmup
to find out why this is a problem and how to eliminate them. - 
WARN [2020-11-01 23:52:56] Wales: Examine the pairs() plot to diagnose sampling problems
 - 
WARN [2020-11-01 23:52:56] Wales: The largest R-hat is 1.13, indicating chains have not mixed.
Running the chains for more iterations may help. See
http://mc-stan.org/misc/warnings.html#r-hat - 
WARN [2020-11-01 23:52:56] Wales: Bulk Effective Samples Size (ESS) is too low, indicating posterior means and medians may be unreliable.
Running the chains for more iterations may help. See
http://mc-stan.org/misc/warnings.html#bulk-ess - 
WARN [2020-11-01 23:52:56] Wales: Tail Effective Samples Size (ESS) is too low, indicating posterior variances and tail quantiles may be unreliable.
Running the chains for more iterations may help. See
http://mc-stan.org/misc/warnings.html#tail-ess - 
WARN [2020-11-01 23:52:56] Wales: The largest R-hat is 1.23, indicating chains have not mixed.
Running the chains for more iterations may help. See
http://mc-stan.org/misc/warnings.html#r-hat - 
WARN [2020-11-01 23:52:56] Wales: Bulk Effective Samples Size (ESS) is too low, indicating posterior means and medians may be unreliable.
Running the chains for more iterations may help. See
http://mc-stan.org/misc/warnings.html#bulk-ess - 
WARN [2020-11-01 23:52:56] Wales: Tail Effective Samples Size (ESS) is too low, indicating posterior variances and tail quantiles may be unreliable.
Running the chains for more iterations may help. See
http://mc-stan.org/misc/warnings.html#tail-ess - 
WARN [2020-11-01 23:52:56] Wales: The largest R-hat is 1.31, indicating chains have not mixed.
Running the chains for more iterations may help. See
http://mc-stan.org/misc/warnings.html#r-hat - 
WARN [2020-11-01 23:52:56] Wales: Bulk Effective Samples Size (ESS) is too low, indicating posterior means and medians may be unreliable.
Running the chains for more iterations may help. See
http://mc-stan.org/misc/warnings.html#bulk-ess - 
WARN [2020-11-01 23:52:56] Wales: Tail Effective Samples Size (ESS) is too low, indicating posterior variances and tail quantiles may be unreliable.
Running the chains for more iterations may help. See
http://mc-stan.org/misc/warnings.html#tail-ess - 
WARN [2020-11-01 23:52:56] Wales: The largest R-hat is 1.27, indicating chains have not mixed.
Running the chains for more iterations may help. See
http://mc-stan.org/misc/warnings.html#r-hat - 
WARN [2020-11-01 23:52:56] Wales: Bulk Effective Samples Size (ESS) is too low, indicating posterior means and medians may be unreliable.
Running the chains for more iterations may help. See
http://mc-stan.org/misc/warnings.html#bulk-ess - 
WARN [2020-11-01 23:52:56] Wales: Tail Effective Samples Size (ESS) is too low, indicating posterior variances and tail quantiles may be unreliable.
Running the chains for more iterations may help. See
http://mc-stan.org/misc/warnings.html#tail-ess - 
WARN [2020-11-01 23:52:56] Wales: There were 5 divergent transitions after warmup. See
http://mc-stan.org/misc/warnings.html#divergent-transitions-after-warmup
to find out why this is a problem and how to eliminate them. - 
WARN [2020-11-01 23:52:56] Wales: Examine the pairs() plot to diagnose sampling problems
 - 
WARN [2020-11-01 23:52:56] Wales: The largest R-hat is 1.34, indicating chains have not mixed.
Running the chains for more iterations may help. See
http://mc-stan.org/misc/warnings.html#r-hat - 
WARN [2020-11-01 23:52:56] Wales: Bulk Effective Samples Size (ESS) is too low, indicating posterior means and medians may be unreliable.
Running the chains for more iterations may help. See
http://mc-stan.org/misc/warnings.html#bulk-ess - 
WARN [2020-11-01 23:52:56] Wales: Tail Effective Samples Size (ESS) is too low, indicating posterior variances and tail quantiles may be unreliable.
Running the chains for more iterations may help. See
http://mc-stan.org/misc/warnings.html#tail-ess - 
WARN [2020-11-01 23:52:56] Wales: There were 2 divergent transitions after warmup. See
http://mc-stan.org/misc/warnings.html#divergent-transitions-after-warmup
to find out why this is a problem and how to eliminate them. - 
WARN [2020-11-01 23:52:56] Wales: Examine the pairs() plot to diagnose sampling problems
 - 
WARN [2020-11-01 23:52:56] Wales: The largest R-hat is 1.26, indicating chains have not mixed.
Running the chains for more iterations may help. See
http://mc-stan.org/misc/warnings.html#r-hat - 
WARN [2020-11-01 23:52:56] Wales: Bulk Effective Samples Size (ESS) is too low, indicating posterior means and medians may be unreliable.
Running the chains for more iterations may help. See
http://mc-stan.org/misc/warnings.html#bulk-ess - 
WARN [2020-11-01 23:52:56] Wales: Tail Effective Samples Size (ESS) is too low, indicating posterior variances and tail quantiles may be unreliable.
Running the chains for more iterations may help. See
http://mc-stan.org/misc/warnings.html#tail-ess - 
WARN [2020-11-01 23:52:56] Wales: There were 7 divergent transitions after warmup. See
http://mc-stan.org/misc/warnings.html#divergent-transitions-after-warmup
to find out why this is a problem and how to eliminate them. - 
WARN [2020-11-01 23:52:56] Wales: Examine the pairs() plot to diagnose sampling problems
 - 
WARN [2020-11-01 23:52:56] Wales: The largest R-hat is 1.27, indicating chains have not mixed.
Running the chains for more iterations may help. See
http://mc-stan.org/misc/warnings.html#r-hat - 
WARN [2020-11-01 23:52:56] Wales: Bulk Effective Samples Size (ESS) is too low, indicating posterior means and medians may be unreliable.
Running the chains for more iterations may help. See
http://mc-stan.org/misc/warnings.html#bulk-ess - 
WARN [2020-11-01 23:52:56] Wales: Tail Effective Samples Size (ESS) is too low, indicating posterior variances and tail quantiles may be unreliable.
Running the chains for more iterations may help. See
http://mc-stan.org/misc/warnings.html#tail-ess - 
WARN [2020-11-01 23:52:56] Wales: The largest R-hat is 1.37, indicating chains have not mixed.
Running the chains for more iterations may help. See
http://mc-stan.org/misc/warnings.html#r-hat - 
WARN [2020-11-01 23:52:56] Wales: Bulk Effective Samples Size (ESS) is too low, indicating posterior means and medians may be unreliable.
Running the chains for more iterations may help. See
http://mc-stan.org/misc/warnings.html#bulk-ess - 
WARN [2020-11-01 23:52:56] Wales: Tail Effective Samples Size (ESS) is too low, indicating posterior variances and tail quantiles may be unreliable.
Running the chains for more iterations may help. See
http://mc-stan.org/misc/warnings.html#tail-ess - 
WARN [2020-11-01 23:52:56] Wales: There were 3 divergent transitions after warmup. See
http://mc-stan.org/misc/warnings.html#divergent-transitions-after-warmup
to find out why this is a problem and how to eliminate them. - 
WARN [2020-11-01 23:52:56] Wales: Examine the pairs() plot to diagnose sampling problems
 - 
WARN [2020-11-01 23:52:56] Wales: The largest R-hat is 1.28, indicating chains have not mixed.
Running the chains for more iterations may help. See
http://mc-stan.org/misc/warnings.html#r-hat - 
WARN [2020-11-01 23:52:56] Wales: Bulk Effective Samples Size (ESS) is too low, indicating posterior means and medians may be unreliable.
Running the chains for more iterations may help. See
http://mc-stan.org/misc/warnings.html#bulk-ess - 
WARN [2020-11-01 23:52:56] Wales: Tail Effective Samples Size (ESS) is too low, indicating posterior variances and tail quantiles may be unreliable.
Running the chains for more iterations may help. See
http://mc-stan.org/misc/warnings.html#tail-ess - 
WARN [2020-11-01 23:52:56] Wales: There were 1 divergent transitions after warmup. See
http://mc-stan.org/misc/warnings.html#divergent-transitions-after-warmup
to find out why this is a problem and how to eliminate them. - 
WARN [2020-11-01 23:52:56] Wales: Examine the pairs() plot to diagnose sampling problems
 - 
WARN [2020-11-01 23:52:56] Wales: The largest R-hat is 1.54, indicating chains have not mixed.
Running the chains for more iterations may help. See
http://mc-stan.org/misc/warnings.html#r-hat - 
WARN [2020-11-01 23:52:56] Wales: Bulk Effective Samples Size (ESS) is too low, indicating posterior means and medians may be unreliable.
Running the chains for more iterations may help. See
http://mc-stan.org/misc/warnings.html#bulk-ess - 
WARN [2020-11-01 23:52:56] Wales: Tail Effective Samples Size (ESS) is too low, indicating posterior variances and tail quantiles may be unreliable.
Running the chains for more iterations may help. See
http://mc-stan.org/misc/warnings.html#tail-ess - 
WARN [2020-11-01 23:52:56] Wales: There were 1 divergent transitions after warmup. See
http://mc-stan.org/misc/warnings.html#divergent-transitions-after-warmup
to find out why this is a problem and how to eliminate them. - 
WARN [2020-11-01 23:52:56] Wales: Examine the pairs() plot to diagnose sampling problems
 - 
WARN [2020-11-01 23:52:56] Wales: The largest R-hat is 1.3, indicating chains have not mixed.
Running the chains for more iterations may help. See
http://mc-stan.org/misc/warnings.html#r-hat - 
WARN [2020-11-01 23:52:56] Wales: Bulk Effective Samples Size (ESS) is too low, indicating posterior means and medians may be unreliable.
Running the chains for more iterations may help. See
http://mc-stan.org/misc/warnings.html#bulk-ess - 
WARN [2020-11-01 23:52:56] Wales: Tail Effective Samples Size (ESS) is too low, indicating posterior variances and tail quantiles may be unreliable.
Running the chains for more iterations may help. See
http://mc-stan.org/misc/warnings.html#tail-ess - 
WARN [2020-11-01 23:52:56] Wales: The largest R-hat is 1.33, indicating chains have not mixed.
Running the chains for more iterations may help. See
http://mc-stan.org/misc/warnings.html#r-hat - 
WARN [2020-11-01 23:52:56] Wales: Bulk Effective Samples Size (ESS) is too low, indicating posterior means and medians may be unreliable.
Running the chains for more iterations may help. See
http://mc-stan.org/misc/warnings.html#bulk-ess - 
WARN [2020-11-01 23:52:56] Wales: Tail Effective Samples Size (ESS) is too low, indicating posterior variances and tail quantiles may be unreliable.
Running the chains for more iterations may help. See
http://mc-stan.org/misc/warnings.html#tail-ess - 
WARN [2020-11-01 23:52:56] Wales: There were 1 divergent transitions after warmup. See
http://mc-stan.org/misc/warnings.html#divergent-transitions-after-warmup
to find out why this is a problem and how to eliminate them. - 
WARN [2020-11-01 23:52:56] Wales: Examine the pairs() plot to diagnose sampling problems
 - 
WARN [2020-11-01 23:52:56] Wales: The largest R-hat is 1.28, indicating chains have not mixed.
Running the chains for more iterations may help. See
http://mc-stan.org/misc/warnings.html#r-hat - 
WARN [2020-11-01 23:52:56] Wales: Bulk Effective Samples Size (ESS) is too low, indicating posterior means and medians may be unreliable.
Running the chains for more iterations may help. See
http://mc-stan.org/misc/warnings.html#bulk-ess - 
WARN [2020-11-01 23:52:56] Wales: Tail Effective Samples Size (ESS) is too low, indicating posterior variances and tail quantiles may be unreliable.
Running the chains for more iterations may help. See
http://mc-stan.org/misc/warnings.html#tail-ess - 
WARN [2020-11-01 23:52:56] Wales: There were 4 divergent transitions after warmup. See
http://mc-stan.org/misc/warnings.html#divergent-transitions-after-warmup
to find out why this is a problem and how to eliminate them. - 
WARN [2020-11-01 23:52:56] Wales: Examine the pairs() plot to diagnose sampling problems
 - 
WARN [2020-11-01 23:52:56] Wales: The largest R-hat is 1.32, indicating chains have not mixed.
Running the chains for more iterations may help. See
http://mc-stan.org/misc/warnings.html#r-hat - 
WARN [2020-11-01 23:52:56] Wales: Bulk Effective Samples Size (ESS) is too low, indicating posterior means and medians may be unreliable.
Running the chains for more iterations may help. See
http://mc-stan.org/misc/warnings.html#bulk-ess - 
WARN [2020-11-01 23:52:56] Wales: Tail Effective Samples Size (ESS) is too low, indicating posterior variances and tail quantiles may be unreliable.
Running the chains for more iterations may help. See
http://mc-stan.org/misc/warnings.html#tail-ess - 
