INFO [2020-11-10 11:38:50] Initialising estimates for: 6
INFO [2020-11-10 11:38:51] Initialising estimates for: 9
INFO [2020-11-10 11:38:52] Initialising estimates for: 11
WARN [2020-11-10 11:40:21] 9 (chain: 1): Bulk Effective Samples Size (ESS) is too low, indicating posterior means and medians may be unreliable.
Running the chains for more iterations may help. See
http://mc-stan.org/misc/warnings.html#bulk-ess - 
WARN [2020-11-10 11:40:22] 9 (chain: 1): Tail Effective Samples Size (ESS) is too low, indicating posterior variances and tail quantiles may be unreliable.
Running the chains for more iterations may help. See
http://mc-stan.org/misc/warnings.html#tail-ess - 
WARN [2020-11-10 11:40:29] 11 (chain: 1): Bulk Effective Samples Size (ESS) is too low, indicating posterior means and medians may be unreliable.
Running the chains for more iterations may help. See
http://mc-stan.org/misc/warnings.html#bulk-ess - 
WARN [2020-11-10 11:40:30] 11 (chain: 1): Tail Effective Samples Size (ESS) is too low, indicating posterior variances and tail quantiles may be unreliable.
Running the chains for more iterations may help. See
http://mc-stan.org/misc/warnings.html#tail-ess - 
WARN [2020-11-10 11:40:39] 6 (chain: 1): Bulk Effective Samples Size (ESS) is too low, indicating posterior means and medians may be unreliable.
Running the chains for more iterations may help. See
http://mc-stan.org/misc/warnings.html#bulk-ess - 
WARN [2020-11-10 11:40:40] 6 (chain: 1): Tail Effective Samples Size (ESS) is too low, indicating posterior variances and tail quantiles may be unreliable.
Running the chains for more iterations may help. See
http://mc-stan.org/misc/warnings.html#tail-ess - 
