INFO [2020-11-10 11:37:44] Initialising estimates for: 6
INFO [2020-11-10 11:37:44] Initialising estimates for: 9
INFO [2020-11-10 11:37:45] Initialising estimates for: 11
WARN [2020-11-10 11:38:32] 6 (chain: 1): There were 105 divergent transitions after warmup. See
http://mc-stan.org/misc/warnings.html#divergent-transitions-after-warmup
to find out why this is a problem and how to eliminate them. - 
WARN [2020-11-10 11:38:32] 6 (chain: 1): Examine the pairs() plot to diagnose sampling problems
 - 
WARN [2020-11-10 11:38:33] 6 (chain: 1): The largest R-hat is 1.05, indicating chains have not mixed.
Running the chains for more iterations may help. See
http://mc-stan.org/misc/warnings.html#r-hat - 
WARN [2020-11-10 11:38:34] 6 (chain: 1): Bulk Effective Samples Size (ESS) is too low, indicating posterior means and medians may be unreliable.
Running the chains for more iterations may help. See
http://mc-stan.org/misc/warnings.html#bulk-ess - 
WARN [2020-11-10 11:38:35] 6 (chain: 1): Tail Effective Samples Size (ESS) is too low, indicating posterior variances and tail quantiles may be unreliable.
Running the chains for more iterations may help. See
http://mc-stan.org/misc/warnings.html#tail-ess - 
WARN [2020-11-10 11:38:38] 11 (chain: 1): There were 54 divergent transitions after warmup. See
http://mc-stan.org/misc/warnings.html#divergent-transitions-after-warmup
to find out why this is a problem and how to eliminate them. - 
WARN [2020-11-10 11:38:38] 11 (chain: 1): Examine the pairs() plot to diagnose sampling problems
 - 
WARN [2020-11-10 11:38:40] 11 (chain: 1): Bulk Effective Samples Size (ESS) is too low, indicating posterior means and medians may be unreliable.
Running the chains for more iterations may help. See
http://mc-stan.org/misc/warnings.html#bulk-ess - 
WARN [2020-11-10 11:38:41] 11 (chain: 1): Tail Effective Samples Size (ESS) is too low, indicating posterior variances and tail quantiles may be unreliable.
Running the chains for more iterations may help. See
http://mc-stan.org/misc/warnings.html#tail-ess - 
WARN [2020-11-10 11:38:41] 9 (chain: 1): There were 61 divergent transitions after warmup. See
http://mc-stan.org/misc/warnings.html#divergent-transitions-after-warmup
to find out why this is a problem and how to eliminate them. - 
WARN [2020-11-10 11:38:41] 9 (chain: 1): Examine the pairs() plot to diagnose sampling problems
 - 
WARN [2020-11-10 11:38:42] 9 (chain: 1): Bulk Effective Samples Size (ESS) is too low, indicating posterior means and medians may be unreliable.
Running the chains for more iterations may help. See
http://mc-stan.org/misc/warnings.html#bulk-ess - 
WARN [2020-11-10 11:38:43] 9 (chain: 1): Tail Effective Samples Size (ESS) is too low, indicating posterior variances and tail quantiles may be unreliable.
Running the chains for more iterations may help. See
http://mc-stan.org/misc/warnings.html#tail-ess - 
