INFO [2020-11-10 12:44:05] Initialising estimates for: 6
INFO [2020-11-10 12:44:05] Initialising estimates for: 9
INFO [2020-11-10 12:44:06] Initialising estimates for: 11
WARN [2020-11-10 12:44:52] 9 (chain: 1): Bulk Effective Samples Size (ESS) is too low, indicating posterior means and medians may be unreliable.
Running the chains for more iterations may help. See
http://mc-stan.org/misc/warnings.html#bulk-ess - 
WARN [2020-11-10 12:44:58] 11 (chain: 1): Bulk Effective Samples Size (ESS) is too low, indicating posterior means and medians may be unreliable.
Running the chains for more iterations may help. See
http://mc-stan.org/misc/warnings.html#bulk-ess - 
WARN [2020-11-10 12:45:00] 6 (chain: 1): There were 2 divergent transitions after warmup. See
http://mc-stan.org/misc/warnings.html#divergent-transitions-after-warmup
to find out why this is a problem and how to eliminate them. - 
WARN [2020-11-10 12:45:00] 6 (chain: 1): Examine the pairs() plot to diagnose sampling problems
 - 
WARN [2020-11-10 12:45:02] 6 (chain: 1): Bulk Effective Samples Size (ESS) is too low, indicating posterior means and medians may be unreliable.
Running the chains for more iterations may help. See
http://mc-stan.org/misc/warnings.html#bulk-ess - 
WARN [2020-11-10 12:45:03] 6 (chain: 1): Tail Effective Samples Size (ESS) is too low, indicating posterior variances and tail quantiles may be unreliable.
Running the chains for more iterations may help. See
http://mc-stan.org/misc/warnings.html#tail-ess - 
